<?xml version="1.0" encoding="UTF-8"?>
<testng-results skipped="0" failed="0" ignored="0" total="1" passed="1">
  <reporter-output>
  </reporter-output>
  <suite name="AmazonTestSuite" duration-ms="31878" started-at="2018-07-30T10:04:58Z" finished-at="2018-07-30T10:05:30Z">
    <groups>
    </groups>
    <test name="LoginTest-chrome" duration-ms="31878" started-at="2018-07-30T10:04:58Z" finished-at="2018-07-30T10:05:30Z">
      <class name="amazonTests.AmazonLoginPageTestValidUser">
        <test-method status="PASS" signature="LaunchBrowser(java.lang.String)[pri:0, instance:amazonTests.AmazonLoginPageTestValidUser@42e26948]" name="LaunchBrowser" is-config="true" duration-ms="11503" started-at="2018-07-30T10:04:58Z" finished-at="2018-07-30T10:05:09Z">
          <params>
            <param index="0">
              <value>
                <![CDATA[chrome]]>
              </value>
            </param>
          </params>
          <reporter-output>
          </reporter-output>
        </test-method> <!-- LaunchBrowser -->
        <test-method status="PASS" signature="validUsersignInsignOutTest()[pri:0, instance:amazonTests.AmazonLoginPageTestValidUser@42e26948]" name="validUsersignInsignOutTest" duration-ms="17841" started-at="2018-07-30T10:05:09Z" finished-at="2018-07-30T10:05:27Z">
          <reporter-output>
          </reporter-output>
        </test-method> <!-- validUsersignInsignOutTest -->
        <test-method status="PASS" signature="CloseBrowser()[pri:0, instance:amazonTests.AmazonLoginPageTestValidUser@42e26948]" name="CloseBrowser" is-config="true" duration-ms="2514" started-at="2018-07-30T10:05:27Z" finished-at="2018-07-30T10:05:30Z">
          <reporter-output>
          </reporter-output>
        </test-method> <!-- CloseBrowser -->
      </class> <!-- amazonTests.AmazonLoginPageTestValidUser -->
    </test> <!-- LoginTest-chrome -->
  </suite> <!-- AmazonTestSuite -->
</testng-results>
